<?xml version="1.0" encoding="UTF-8"?>
<testng-results ignored="0" total="1" passed="1" failed="0" skipped="0">
  <reporter-output>
  </reporter-output>
  <suite started-at="2022-03-17T15:38:39 IST" name="Suite" finished-at="2022-03-17T15:38:47 IST" duration-ms="8077">
    <groups>
    </groups>
    <test started-at="2022-03-17T15:38:39 IST" name="Test" finished-at="2022-03-17T15:38:47 IST" duration-ms="8077">
      <class name="Rainbowtests.LoginTest">
        <test-method is-config="true" signature="launchBrowser()[pri:0, instance:Rainbowtests.LoginTest@561b6512]" started-at="2022-03-17T15:38:25 IST" name="launchBrowser" finished-at="2022-03-17T15:38:39 IST" duration-ms="14643" status="PASS">
          <reporter-output>
          </reporter-output>
        </test-method> <!-- launchBrowser -->
        <test-method signature="logintest()[pri:0, instance:Rainbowtests.LoginTest@561b6512]" started-at="2022-03-17T15:38:39 IST" name="logintest" finished-at="2022-03-17T15:38:47 IST" duration-ms="8022" status="PASS">
          <reporter-output>
          </reporter-output>
        </test-method> <!-- logintest -->
      </class> <!-- Rainbowtests.LoginTest -->
    </test> <!-- Test -->
  </suite> <!-- Suite -->
</testng-results>
